Arguments: 
  /usr/local/bin/node /usr/local/bin/yarn add clean-webpack-plugin

PATH: 
  /usr/local/bin:/usr/bin:/bin:/usr/sbin:/sbin

Yarn version: 
  1.3.2

Node version: 
  6.10.2

Platform: 
  darwin x64

npm manifest: 
  {
    "name": "isam2016",
    "version": "1.0.0",
    "description": "",
    "main": "main.js",
    "scripts": {
      "dev": "webpack",
      "start": "webpack-dev-server --hot --inline",
      "test": "echo \"Error: no test specified\" && exit 1"
    },
    "author": "",
    "license": "ISC",
    "devDependencies": {
      "babel-loader": "^7.1.2",
      "babel-core": "^6.0.0",
      "babel-eslint": "^7.0.0",
      "babel-plugin-transform-runtime": "^6.0.0",
      "babel-preset-es2015": "^6.0.0",
      "babel-preset-stage-2": "^6.0.0",
      "babel-register": "^6.0.0",
      "babel-runtime": "^6.22.0",
      "babel-preset-es2015": "^6.24.1",
      "html-webpack-plugin": "^2.30.1",
      "webpack": "^3.8.1",
      "webpack-dev-server": "^2.9.4"
    }
  }

yarn manifest: 
  No manifest

Lockfile: 
  No lockfile

Trace: 
  Error: ENOENT: no such file or directory, open '/Users/isam2016/su/iSAM2016.github.io/note/module/node_modules/chokidar/node_modules/is-extglob/LICENSE'
      at Error (native)
